[debug] [2022-07-14T09:00:37.240Z] ----------------------------------------------------------------------
[debug] [2022-07-14T09:00:37.242Z] Command:       C:\Program Files\nodejs\node.exe C:\Program Files\nodejs\node_modules\firebase-tools\lib\bin\firebase.js deploy
[debug] [2022-07-14T09:00:37.243Z] CLI Version:   11.2.2
[debug] [2022-07-14T09:00:37.243Z] Platform:      win32
[debug] [2022-07-14T09:00:37.243Z] Node Version:  v18.5.0
[debug] [2022-07-14T09:00:37.245Z] Time:          Thu Jul 14 2022 14:30:37 GMT+0530 (India Standard Time)
[debug] [2022-07-14T09:00:37.245Z] ----------------------------------------------------------------------
[debug] 
[debug] [2022-07-14T09:00:37.368Z] > command requires scopes: ["email","openid","https://www.googleapis.com/auth/cloudplatformprojects.readonly","https://www.googleapis.com/auth/firebase","https://www.googleapis.com/auth/cloud-platform"]
[debug] [2022-07-14T09:00:37.369Z] > authorizing via signed-in user (singhkulmeet3@gmail.com)
[debug] [2022-07-14T09:00:37.370Z] [iam] checking project kulmeet01 for permissions ["cloudfunctions.functions.create","cloudfunctions.functions.delete","cloudfunctions.functions.get","cloudfunctions.functions.list","cloudfunctions.functions.update","cloudfunctions.operations.get","firebase.projects.get","firebasehosting.sites.update"]
[debug] [2022-07-14T09:00:37.373Z] >>> [apiv2][query] POST https://cloudresourcemanager.googleapis.com/v1/projects/kulmeet01:testIamPermissions [none]
[debug] [2022-07-14T09:00:37.373Z] >>> [apiv2][body] POST https://cloudresourcemanager.googleapis.com/v1/projects/kulmeet01:testIamPermissions {"permissions":["cloudfunctions.functions.create","cloudfunctions.functions.delete","cloudfunctions.functions.get","cloudfunctions.functions.list","cloudfunctions.functions.update","cloudfunctions.operations.get","firebase.projects.get","firebasehosting.sites.update"]}
[debug] [2022-07-14T09:00:39.007Z] <<< [apiv2][status] POST https://cloudresourcemanager.googleapis.com/v1/projects/kulmeet01:testIamPermissions 200
[debug] [2022-07-14T09:00:39.007Z] <<< [apiv2][body] POST https://cloudresourcemanager.googleapis.com/v1/projects/kulmeet01:testIamPermissions {"permissions":["cloudfunctions.functions.create","cloudfunctions.functions.delete","cloudfunctions.functions.get","cloudfunctions.functions.list","cloudfunctions.functions.update","cloudfunctions.operations.get","firebase.projects.get","firebasehosting.sites.update"]}
[debug] [2022-07-14T09:00:39.009Z] >>> [apiv2][query] POST https://iam.googleapis.com/v1/projects/kulmeet01/serviceAccounts/kulmeet01@appspot.gserviceaccount.com:testIamPermissions [none]
[debug] [2022-07-14T09:00:39.010Z] >>> [apiv2][body] POST https://iam.googleapis.com/v1/projects/kulmeet01/serviceAccounts/kulmeet01@appspot.gserviceaccount.com:testIamPermissions {"permissions":["iam.serviceAccounts.actAs"]}
[debug] [2022-07-14T09:00:40.665Z] <<< [apiv2][status] POST https://iam.googleapis.com/v1/projects/kulmeet01/serviceAccounts/kulmeet01@appspot.gserviceaccount.com:testIamPermissions 200
[debug] [2022-07-14T09:00:40.666Z] <<< [apiv2][body] POST https://iam.googleapis.com/v1/projects/kulmeet01/serviceAccounts/kulmeet01@appspot.gserviceaccount.com:testIamPermissions {"permissions":["iam.serviceAccounts.actAs"]}
[debug] [2022-07-14T09:00:40.669Z] >>> [apiv2][query] GET https://firebase.googleapis.com/v1beta1/projects/kulmeet01 [none]
[debug] [2022-07-14T09:00:41.489Z] <<< [apiv2][status] GET https://firebase.googleapis.com/v1beta1/projects/kulmeet01 200
[debug] [2022-07-14T09:00:41.489Z] <<< [apiv2][body] GET https://firebase.googleapis.com/v1beta1/projects/kulmeet01 {"projectId":"kulmeet01","projectNumber":"306226246353","displayName":"kulmeet29","name":"projects/kulmeet01","resources":{"hostingSite":"kulmeet01","realtimeDatabaseInstance":"kulmeet01-default-rtdb"},"state":"ACTIVE"}
[info] 
[info] === Deploying to 'kulmeet01'...
[info] 
[info] i  deploying functions, hosting 
[info] Running command: npm --prefix "$RESOURCE_DIR" run lint
